<?xml version="1.0" encoding="UTF-8"?>
<!-- Generated by org.testng.reporters.JUnitReportReporter -->
<testsuite hostname="TYSS-Dhanush" failures="0" tests="2" name="Script3" time="2.916" errors="0" timestamp="2024-08-10T11:29:28 IST" skipped="0">
  <testcase classname="Script3" name="dattaprovider" time="2.698"/>
  <system-out/>
  <testcase classname="Script3" name="dattaprovider" time="0.218"/>
  <system-out/>
</testsuite> <!-- Script3 -->
